0 info it worked if it ends with ok
1 verbose cli [ 'D:\\Program Files\\nodejs\\node.exe',
1 verbose cli   'C:\\Users\\liang\\AppData\\Roaming\\npm\\node_modules\\npm\\bin\\npm-cli.js',
1 verbose cli   'i',
1 verbose cli   'jquery@1.8.0',
1 verbose cli   '--save-dev' ]
2 info using npm@3.10.10
3 info using node@v6.9.2
4 silly loadCurrentTree Starting
5 silly install loadCurrentTree
6 silly install readLocalPackageData
7 silly fetchPackageMetaData jquery@1.8.0
8 silly fetchNamedPackageData jquery
9 silly mapToRegistry name jquery
10 silly mapToRegistry using default registry
11 silly mapToRegistry registry https://registry.npm.taobao.org/
12 silly mapToRegistry data Result {
12 silly mapToRegistry   raw: 'jquery',
12 silly mapToRegistry   scope: null,
12 silly mapToRegistry   escapedName: 'jquery',
12 silly mapToRegistry   name: 'jquery',
12 silly mapToRegistry   rawSpec: '',
12 silly mapToRegistry   spec: 'latest',
12 silly mapToRegistry   type: 'tag' }
13 silly mapToRegistry uri https://registry.npm.taobao.org/jquery
14 verbose request uri https://registry.npm.taobao.org/jquery
15 verbose request no auth needed
16 info attempt registry request try #1 at 17:18:49
17 verbose request id a36a8c588333083b
18 verbose etag "18491-zulcP9NPpkbwVl1CzXyIprSZmHE"
19 http request GET https://registry.npm.taobao.org/jquery
20 http 200 https://registry.npm.taobao.org/jquery
21 verbose headers { date: 'Thu, 22 Mar 2018 09:17:43 GMT',
21 verbose headers   'content-type': 'application/json; charset=utf-8',
21 verbose headers   'content-length': '106535',
21 verbose headers   connection: 'keep-alive',
21 verbose headers   'x-current-requests': '1',
21 verbose headers   etag: '"1a027-FVu3WVVLXAq3fbJrXEcAW0d8g/A"',
21 verbose headers   'x-readtime': '46' }
22 silly get cb [ 200,
22 silly get   { date: 'Thu, 22 Mar 2018 09:17:43 GMT',
22 silly get     'content-type': 'application/json; charset=utf-8',
22 silly get     'content-length': '106535',
22 silly get     connection: 'keep-alive',
22 silly get     'x-current-requests': '1',
22 silly get     etag: '"1a027-FVu3WVVLXAq3fbJrXEcAW0d8g/A"',
22 silly get     'x-readtime': '46' } ]
23 verbose get saving jquery to C:\Users\liang\AppData\Roaming\npm-cache\registry.npm.taobao.org\jquery\.cache.json
24 verbose correctMkdir C:\Users\liang\AppData\Roaming\npm-cache correctMkdir not in flight; initializing
25 silly fetchPackageMetaData Error: No compatible version found: jquery@1.8.0
25 silly fetchPackageMetaData Valid install targets:
25 silly fetchPackageMetaData 3.3.1, 3.3.0, 3.2.1, 3.2.0, 3.1.1, 3.1.0, 3.0.0, 3.0.0-rc1, 3.0.0-beta1, 3.0.0-alpha1, 2.2.4, 2.2.3, 2.2.2, 2.2.1, 2.2.0, 2.1.4, 2.1.3, 2.1.2, 2.1.1, 2.1.1-rc2, 2.1.1-rc1, 2.1.1-beta1, 2.1.0, 2.1.0-rc1, 2.1.0-beta3, 2.1.0-beta2, 1.12.4, 1.12.3, 1.12.2, 1.12.1, 1.12.0, 1.11.3, 1.11.2, 1.11.1, 1.11.1-rc2, 1.11.1-rc1, 1.11.1-beta1, 1.11.0, 1.11.0-rc1, 1.11.0-beta3, 1.9.1, 1.8.3, 1.8.2, 1.7.3, 1.7.2, 1.6.3, 1.6.2, 1.5.1
25 silly fetchPackageMetaData
25 silly fetchPackageMetaData     at pickVersionFromRegistryDocument (C:\Users\liang\AppData\Roaming\npm\node_modules\npm\lib\fetch-package-metadata.js:178:16)
25 silly fetchPackageMetaData     at C:\Users\liang\AppData\Roaming\npm\node_modules\npm\node_modules\iferr\index.js:13:50
25 silly fetchPackageMetaData     at C:\Users\liang\AppData\Roaming\npm\node_modules\npm\lib\utils\pulse-till-done.js:20:8
25 silly fetchPackageMetaData     at saved (C:\Users\liang\AppData\Roaming\npm\node_modules\npm\lib\cache\caching-client.js:174:7)
25 silly fetchPackageMetaData     at C:\Users\liang\AppData\Roaming\npm\node_modules\npm\node_modules\graceful-fs\polyfills.js:241:18
25 silly fetchPackageMetaData     at FSReqWrap.oncomplete (fs.js:123:15)
25 silly fetchPackageMetaData  error for jquery@1.8.0 { Error: No compatible version found: jquery@1.8.0
25 silly fetchPackageMetaData Valid install targets:
25 silly fetchPackageMetaData 3.3.1, 3.3.0, 3.2.1, 3.2.0, 3.1.1, 3.1.0, 3.0.0, 3.0.0-rc1, 3.0.0-beta1, 3.0.0-alpha1, 2.2.4, 2.2.3, 2.2.2, 2.2.1, 2.2.0, 2.1.4, 2.1.3, 2.1.2, 2.1.1, 2.1.1-rc2, 2.1.1-rc1, 2.1.1-beta1, 2.1.0, 2.1.0-rc1, 2.1.0-beta3, 2.1.0-beta2, 1.12.4, 1.12.3, 1.12.2, 1.12.1, 1.12.0, 1.11.3, 1.11.2, 1.11.1, 1.11.1-rc2, 1.11.1-rc1, 1.11.1-beta1, 1.11.0, 1.11.0-rc1, 1.11.0-beta3, 1.9.1, 1.8.3, 1.8.2, 1.7.3, 1.7.2, 1.6.3, 1.6.2, 1.5.1
25 silly fetchPackageMetaData
25 silly fetchPackageMetaData     at pickVersionFromRegistryDocument (C:\Users\liang\AppData\Roaming\npm\node_modules\npm\lib\fetch-package-metadata.js:178:16)
25 silly fetchPackageMetaData     at C:\Users\liang\AppData\Roaming\npm\node_modules\npm\node_modules\iferr\index.js:13:50
25 silly fetchPackageMetaData     at C:\Users\liang\AppData\Roaming\npm\node_modules\npm\lib\utils\pulse-till-done.js:20:8
25 silly fetchPackageMetaData     at saved (C:\Users\liang\AppData\Roaming\npm\node_modules\npm\lib\cache\caching-client.js:174:7)
25 silly fetchPackageMetaData     at C:\Users\liang\AppData\Roaming\npm\node_modules\npm\node_modules\graceful-fs\polyfills.js:241:18
25 silly fetchPackageMetaData     at FSReqWrap.oncomplete (fs.js:123:15) code: 'ETARGET' }
26 silly rollbackFailedOptional Starting
27 silly rollbackFailedOptional Finishing
28 silly runTopLevelLifecycles Finishing
29 silly install printInstalled
30 verbose stack Error: No compatible version found: jquery@1.8.0
30 verbose stack Valid install targets:
30 verbose stack 3.3.1, 3.3.0, 3.2.1, 3.2.0, 3.1.1, 3.1.0, 3.0.0, 3.0.0-rc1, 3.0.0-beta1, 3.0.0-alpha1, 2.2.4, 2.2.3, 2.2.2, 2.2.1, 2.2.0, 2.1.4, 2.1.3, 2.1.2, 2.1.1, 2.1.1-rc2, 2.1.1-rc1, 2.1.1-beta1, 2.1.0, 2.1.0-rc1, 2.1.0-beta3, 2.1.0-beta2, 1.12.4, 1.12.3, 1.12.2, 1.12.1, 1.12.0, 1.11.3, 1.11.2, 1.11.1, 1.11.1-rc2, 1.11.1-rc1, 1.11.1-beta1, 1.11.0, 1.11.0-rc1, 1.11.0-beta3, 1.9.1, 1.8.3, 1.8.2, 1.7.3, 1.7.2, 1.6.3, 1.6.2, 1.5.1
30 verbose stack
30 verbose stack     at pickVersionFromRegistryDocument (C:\Users\liang\AppData\Roaming\npm\node_modules\npm\lib\fetch-package-metadata.js:178:16)
30 verbose stack     at C:\Users\liang\AppData\Roaming\npm\node_modules\npm\node_modules\iferr\index.js:13:50
30 verbose stack     at C:\Users\liang\AppData\Roaming\npm\node_modules\npm\lib\utils\pulse-till-done.js:20:8
30 verbose stack     at saved (C:\Users\liang\AppData\Roaming\npm\node_modules\npm\lib\cache\caching-client.js:174:7)
30 verbose stack     at C:\Users\liang\AppData\Roaming\npm\node_modules\npm\node_modules\graceful-fs\polyfills.js:241:18
30 verbose stack     at FSReqWrap.oncomplete (fs.js:123:15)
31 verbose cwd D:\aDemo\node-demo
32 error Windows_NT 6.1.7601
33 error argv "D:\\Program Files\\nodejs\\node.exe" "C:\\Users\\liang\\AppData\\Roaming\\npm\\node_modules\\npm\\bin\\npm-cli.js" "i" "jquery@1.8.0" "--save-dev"
34 error node v6.9.2
35 error npm  v3.10.10
36 error code ETARGET
37 error notarget No compatible version found: jquery@1.8.0
37 error notarget Valid install targets:
37 error notarget 3.3.1, 3.3.0, 3.2.1, 3.2.0, 3.1.1, 3.1.0, 3.0.0, 3.0.0-rc1, 3.0.0-beta1, 3.0.0-alpha1, 2.2.4, 2.2.3, 2.2.2, 2.2.1, 2.2.0, 2.1.4, 2.1.3, 2.1.2, 2.1.1, 2.1.1-rc2, 2.1.1-rc1, 2.1.1-beta1, 2.1.0, 2.1.0-rc1, 2.1.0-beta3, 2.1.0-beta2, 1.12.4, 1.12.3, 1.12.2, 1.12.1, 1.12.0, 1.11.3, 1.11.2, 1.11.1, 1.11.1-rc2, 1.11.1-rc1, 1.11.1-beta1, 1.11.0, 1.11.0-rc1, 1.11.0-beta3, 1.9.1, 1.8.3, 1.8.2, 1.7.3, 1.7.2, 1.6.3, 1.6.2, 1.5.1
38 error notarget This is most likely not a problem with npm itself.
38 error notarget In most cases you or one of your dependencies are requesting
38 error notarget a package version that doesn't exist.
39 verbose exit [ 1, true ]
